<?xml version="1.0" encoding="UTF-8"?>
<testng-results ignored="0" total="1" passed="1" failed="0" skipped="0">
  <reporter-output>
  </reporter-output>
  <suite started-at="2020-10-10T22:20:51 IST" name="Default suite" finished-at="2020-10-10T22:20:57 IST" duration-ms="5379">
    <groups>
    </groups>
    <test started-at="2020-10-10T22:20:51 IST" name="Default test" finished-at="2020-10-10T22:20:57 IST" duration-ms="5379">
      <class name="com.reqres.in.Get_request">
        <test-method signature="getUserList()[pri:0, instance:com.reqres.in.Get_request@5939a379]" started-at="2020-10-10T22:20:51 IST" name="getUserList" finished-at="2020-10-10T22:20:57 IST" duration-ms="5322" status="PASS">
          <reporter-output>
          </reporter-output>
        </test-method> <!-- getUserList -->
      </class> <!-- com.reqres.in.Get_request -->
    </test> <!-- Default test -->
  </suite> <!-- Default suite -->
</testng-results>
